<?xml version="1.0" encoding="UTF-8"?>
<testng-results skipped="0" failed="0" ignored="0" total="0" passed="0">
  <reporter-output>
  </reporter-output>
  <suite name="Surefire suite" duration-ms="1101" started-at="2024-06-23T13:02:14 IST" finished-at="2024-06-23T13:02:15 IST">
    <groups>
      <group name="cucumber">
        <method signature="AbstractTestNGCucumberTests.runScenario(io.cucumber.testng.PickleWrapper,io.cucumber.testng.FeatureWrapper)[pri:0, instance:cucumberOptions.TestNGTestRunner@a38d7a3]" name="runScenario" class="io.cucumber.testng.AbstractTestNGCucumberTests"/>
      </group> <!-- cucumber -->
    </groups>
    <test name="Surefire test" duration-ms="1101" started-at="2024-06-23T13:02:14 IST" finished-at="2024-06-23T13:02:15 IST">
      <class name="cucumberOptions.TestNGTestRunner">
        <test-method status="PASS" signature="setUpClass(org.testng.ITestContext)[pri:0, instance:cucumberOptions.TestNGTestRunner@a38d7a3]" name="setUpClass" is-config="true" duration-ms="737" started-at="2024-06-23T13:02:14 IST" finished-at="2024-06-23T13:02:15 IST">
          <params>
            <param index="0">
              <value>
                <![CDATA[org.testng.TestRunner@388ba540]]>
              </value>
            </param>
          </params>
          <reporter-output>
          </reporter-output>
        </test-method> <!-- setUpClass -->
        <test-method status="PASS" signature="tearDownClass()[pri:0, instance:cucumberOptions.TestNGTestRunner@a38d7a3]" name="tearDownClass" is-config="true" duration-ms="337" started-at="2024-06-23T13:02:15 IST" finished-at="2024-06-23T13:02:15 IST">
          <reporter-output>
          </reporter-output>
        </test-method> <!-- tearDownClass -->
      </class> <!-- cucumberOptions.TestNGTestRunner -->
    </test> <!-- Surefire test -->
  </suite> <!-- Surefire suite -->
</testng-results>
